<?xml version="1.0" encoding="UTF-8"?>
<!-- Generated by org.testng.reporters.JUnitReportReporter -->
<testsuite skipped="0" hostname="DESKTOP-EIQV940" name="com.JunitCoverageProgram.JunitCoverageProgram.AppTest" tests="2" failures="0" timestamp="03 Sep 2021 12:03:20 GMT" time="0.170" errors="0">
  <testcase name="showTest" time="0.032" classname="com.JunitCoverageProgram.JunitCoverageProgram.AppTest"/>
  <testcase name="addTest" time="0.138" classname="com.JunitCoverageProgram.JunitCoverageProgram.AppTest"/>
</testsuite> <!-- com.JunitCoverageProgram.JunitCoverageProgram.AppTest -->
